<?xml version="1.0" encoding="UTF-8"?>
<!-- Generated by org.testng.reporters.JUnitXMLReporter -->
<testsuite hostname="LAPTOP-7G5TDG9V" ignored="0" name="Surefire test" tests="1" failures="1" timestamp="2023-02-16T16:05:24 COT" time="10.414" errors="0">
  <testcase name="feature" time="10.104" classname="cucumber.api.testng.AbstractTestNGCucumberTests">
    <failure type="cucumber.runtime.CucumberException" message="java.lang.AssertionError: expected [&amp;quot;DRESES&amp;quot;] but found [&amp;quot;DRESSES&amp;quot;]">
      <![CDATA[cucumber.runtime.CucumberException: java.lang.AssertionError: expected ["DRESES"] but found ["DRESSES"]
at cucumber.api.testng.TestNGCucumberRunner.runCucumber(TestNGCucumberRunner.java:69)
at cucumber.api.testng.AbstractTestNGCucumberTests.feature(AbstractTestNGCucumberTests.java:21)
at java.util.ArrayList.forEach(Unknown Source)
Caused by: java.lang.AssertionError: expected ["DRESES"] but found ["DRESSES"]
at stepts.SearchStepts.dressesPage(SearchStepts.java:35)
at âœ½.Then the dresses page appears(src/test/java/features/search.feature:8)
... Removed 37 stack frames]]>
    </failure>
  </testcase> <!-- feature -->
</testsuite> <!-- Surefire test -->
